# JRE version: Java(TM) SE Runtime Environment (15.0.2+7) (build 15.0.2+7-27)
# Java VM: Java HotSpot(TM) 64-Bit Server VM (15.0.2+7-27, mixed mode, sharing, tiered, compressed oops, g1 gc, windows-amd64)
GC Precious Log:
 CPUs: 16 total, 16 available
 Memory: 15789M
 Large Page Support: Disabled
 NUMA Support: Disabled
 Compressed Oops: Enabled (Zero based)
 Heap Region Size: 2M
 Heap Min Capacity: 8M
 Heap Initial Capacity: 248M
 Heap Max Capacity: 3948M
 Pre-touch: Disabled
 Parallel Workers: 13
 Concurrent Workers: 3
 Concurrent Refinement Workers: 13
 Periodic GC: Disabled
Heap:
 garbage-first heap   total 153600K, used 15088K [0x0000000709400000, 0x0000000800000000)
  region size 2048K, 1 young (2048K), 1 survivors (2048K)
 Metaspace       used 24262K, capacity 24721K, committed 24960K, reserved 1071104K
  class space    used 3226K, capacity 3370K, committed 3456K, reserved 1048576K
GC Heap History (11 events):
Event: 0.509 GC heap before
{Heap before GC invocations=0 (full 0):
 garbage-first heap   total 253952K, used 22528K [0x0000000709400000, 0x0000000800000000)
  region size 2048K, 11 young (22528K), 0 survivors (0K)
 Metaspace       used 6843K, capacity 7045K, committed 7296K, reserved 1056768K
  class space    used 814K, capacity 870K, committed 896K, reserved 1048576K
}
Event: 0.515 GC heap after
{Heap after GC invocations=1 (full 0):
 garbage-first heap   total 253952K, used 6657K [0x0000000709400000, 0x0000000800000000)
  region size 2048K, 2 young (4096K), 2 survivors (4096K)
 Metaspace       used 6843K, capacity 7045K, committed 7296K, reserved 1056768K
  class space    used 814K, capacity 870K, committed 896K, reserved 1048576K
}
Event: 0.523 GC heap before
{Heap before GC invocations=1 (full 0):
 garbage-first heap   total 253952K, used 27137K [0x0000000709400000, 0x0000000800000000)
  region size 2048K, 13 young (26624K), 2 survivors (4096K)
 Metaspace       used 6844K, capacity 7045K, committed 7296K, reserved 1056768K
  class space    used 814K, capacity 870K, committed 896K, reserved 1048576K
}
Event: 0.527 GC heap after
{Heap after GC invocations=2 (full 0):
 garbage-first heap   total 253952K, used 7134K [0x0000000709400000, 0x0000000800000000)
  region size 2048K, 1 young (2048K), 1 survivors (2048K)
 Metaspace       used 6844K, capacity 7045K, committed 7296K, reserved 1056768K
  class space    used 814K, capacity 870K, committed 896K, reserved 1048576K
}
Event: 0.944 GC heap before
{Heap before GC invocations=2 (full 0):
 garbage-first heap   total 253952K, used 56286K [0x0000000709400000, 0x0000000800000000)
  region size 2048K, 26 young (53248K), 1 survivors (2048K)
 Metaspace       used 13633K, capacity 13949K, committed 14208K, reserved 1060864K
  class space    used 1734K, capacity 1822K, committed 1920K, reserved 1048576K
}
Event: 0.947 GC heap after
{Heap after GC invocations=3 (full 0):
 garbage-first heap   total 253952K, used 8763K [0x0000000709400000, 0x0000000800000000)
  region size 2048K, 1 young (2048K), 1 survivors (2048K)
 Metaspace       used 13633K, capacity 13949K, committed 14208K, reserved 1060864K
  class space    used 1734K, capacity 1822K, committed 1920K, reserved 1048576K
}
Event: 1.665 GC heap before
{Heap before GC invocations=3 (full 0):
 garbage-first heap   total 253952K, used 105019K [0x0000000709400000, 0x0000000800000000)
  region size 2048K, 50 young (102400K), 1 survivors (2048K)
 Metaspace       used 20537K, capacity 20984K, committed 21248K, reserved 1067008K
  class space    used 2684K, capacity 2793K, committed 2816K, reserved 1048576K
}
Event: 1.670 GC heap after
{Heap after GC invocations=4 (full 0):
 garbage-first heap   total 253952K, used 12243K [0x0000000709400000, 0x0000000800000000)
  region size 2048K, 3 young (6144K), 3 survivors (6144K)
 Metaspace       used 20537K, capacity 20984K, committed 21248K, reserved 1067008K
  class space    used 2684K, capacity 2793K, committed 2816K, reserved 1048576K
}
Event: 2.041 GC heap before
{Heap before GC invocations=5 (full 0):
 garbage-first heap   total 55296K, used 38867K [0x0000000709400000, 0x0000000800000000)
  region size 2048K, 16 young (32768K), 3 survivors (6144K)
 Metaspace       used 24262K, capacity 24721K, committed 24960K, reserved 1071104K
  class space    used 3226K, capacity 3370K, committed 3456K, reserved 1048576K
}
Event: 2.046 GC heap after
{Heap after GC invocations=6 (full 0):
 garbage-first heap   total 55296K, used 15258K [0x0000000709400000, 0x0000000800000000)
  region size 2048K, 2 young (4096K), 2 survivors (4096K)
 Metaspace       used 24262K, capacity 24721K, committed 24960K, reserved 1071104K
  class space    used 3226K, capacity 3370K, committed 3456K, reserved 1048576K
}
Event: 2.052 GC heap before
{Heap before GC invocations=6 (full 0):
 garbage-first heap   total 55296K, used 33690K [0x0000000709400000, 0x0000000800000000)
  region size 2048K, 12 young (24576K), 2 survivors (4096K)
 Metaspace       used 24262K, capacity 24721K, committed 24960K, reserved 1071104K
  class space    used 3226K, capacity 3370K, committed 3456K, reserved 1048576K
}

